<?xml version="1.0" encoding="UTF-8"?>
<!-- Generated by org.testng.reporters.JUnitReportReporter -->
<testsuite hostname="HalfLifePrince-PC" failures="0" tests="4" name="test01.TestNG2" time="0.008" errors="0" timestamp="2023-05-12T09:37:45 IST" skipped="0">
  <testcase classname="test01.TestNG2" name="z" time="0.002"/>
  <system-out/>
  <testcase classname="test01.TestNG2" name="a3" time="0.001"/>
  <system-out/>
  <testcase classname="test01.TestNG2" name="a1" time="0.003"/>
  <system-out/>
  <testcase classname="test01.TestNG2" name="ab" time="0.002"/>
  <system-out/>
</testsuite> <!-- test01.TestNG2 -->
