<?xml version="1.0" encoding="UTF-8"?>
<!-- Generated by org.testng.reporters.JUnitReportReporter -->
<testsuite hostname="HalfLifePrince-PC" failures="0" tests="4" name="test01.TestNG4" time="0.004" errors="0" timestamp="2023-05-12T09:37:45 IST" skipped="2">
  <testcase classname="test01.TestNG4" name="c" time="0.002"/>
  <system-out/>
  <testcase classname="test01.TestNG4" name="e" time="0.000">
    <skipped/>
  </testcase> <!-- e -->
  <system-out/>
  <testcase classname="test01.TestNG4" name="c" time="0.002"/>
  <system-out/>
  <testcase classname="test01.TestNG4" name="b">
    <skipped/>
  </testcase> <!-- b -->
  <system-out/>
</testsuite> <!-- test01.TestNG4 -->
