<?xml version="1.0" encoding="UTF-8"?>
<!-- Generated by org.testng.reporters.JUnitReportReporter -->
<testsuite hostname="HalfLifePrince-PC" failures="0" tests="1" name="test01.Assertion3" time="0.011" errors="0" timestamp="2023-05-16T23:31:10 IST" skipped="0">
  <testcase classname="test01.Assertion3" name="testCase4" time="0.011"/>
  <system-out/>
</testsuite> <!-- test01.Assertion3 -->
