<?xml version="1.0" encoding="UTF-8"?>
<!-- Generated by org.testng.reporters.JUnitReportReporter -->
<testsuite hostname="HalfLifePrince-PC" failures="0" tests="4" name="test01.TestNG3" time="0.006" errors="0" timestamp="2023-05-11T11:09:51 IST" skipped="0">
  <testcase classname="test01.TestNG3" name="a" time="0.004"/>
  <system-out/>
  <testcase classname="test01.TestNG3" name="d" time="0.000"/>
  <system-out/>
  <testcase classname="test01.TestNG3" name="c" time="0.001"/>
  <system-out/>
  <testcase classname="test01.TestNG3" name="b" time="0.001"/>
  <system-out/>
</testsuite> <!-- test01.TestNG3 -->
