<?xml version="1.0" encoding="UTF-8"?>
<!-- Generated by org.testng.reporters.JUnitReportReporter -->
<testsuite hostname="HalfLifePrince-PC" failures="0" tests="3" name="test01.TestNG7" time="56.465" errors="0" timestamp="2023-05-12T10:32:19 IST" skipped="0">
  <testcase classname="test01.TestNG7" name="enterData" time="18.778"/>
  <system-out/>
  <testcase classname="test01.TestNG7" name="enterData" time="18.806"/>
  <system-out/>
  <testcase classname="test01.TestNG7" name="enterData" time="18.881"/>
  <system-out/>
</testsuite> <!-- test01.TestNG7 -->
