<?xml version="1.0" encoding="UTF-8"?>
<!-- Generated by org.testng.reporters.JUnitReportReporter -->
<testsuite hostname="HalfLifePrince-PC" failures="0" tests="1" name="test01.Assertion1" time="16.810" errors="0" timestamp="2023-05-16T10:51:31 IST" skipped="0">
  <testcase classname="test01.Assertion1" name="testCase1" time="16.810"/>
  <system-out/>
</testsuite> <!-- test01.Assertion1 -->
