<?xml version="1.0" encoding="UTF-8"?>
<!-- Generated by org.testng.reporters.JUnitReportReporter -->
<testsuite hostname="HalfLifePrince-PC" failures="0" tests="2" name="test01.TestNG1" time="0.004" errors="0" timestamp="2023-05-11T10:52:21 IST" skipped="0">
  <testcase classname="test01.TestNG1" name="a1" time="0.003"/>
  <system-out/>
  <testcase classname="test01.TestNG1" name="a2" time="0.001"/>
  <system-out/>
</testsuite> <!-- test01.TestNG1 -->
