<?xml version="1.0" encoding="UTF-8"?>
<!-- Generated by org.testng.reporters.JUnitReportReporter -->
<testsuite hostname="HalfLifePrince-PC" failures="0" tests="4" name="test01.TestNG5" time="0.006" errors="0" timestamp="2023-05-11T11:38:45 IST" skipped="1">
  <testcase classname="test01.TestNG5" name="a" time="0.005"/>
  <system-out/>
  <testcase classname="test01.TestNG5" name="c" time="0.000"/>
  <system-out/>
  <testcase classname="test01.TestNG5" name="c" time="0.001"/>
  <system-out/>
  <testcase classname="test01.TestNG5" name="b">
    <skipped/>
  </testcase> <!-- b -->
  <system-out/>
</testsuite> <!-- test01.TestNG5 -->
