<?xml version="1.0" encoding="UTF-8"?>
<!-- Generated by org.testng.reporters.JUnitReportReporter -->
<testsuite skipped="0" hostname="HalfLifePrince-PC" name="com.facebook.tests.LoginTest" tests="1" failures="0" timestamp="2023-01-28T02:35:11 IST" time="1.732" errors="0">
  <testcase name="loginTest" time="1.732" classname="com.facebook.tests.LoginTest"/>
  <system-out/>
</testsuite> <!-- com.facebook.tests.LoginTest -->
